<?xml version="1.0" encoding="UTF-8"?>
<testsuite name="com.apress.isf.spring.test.MyDocumentsBeanDefinitionReaderTest" tests="2" skipped="0" failures="2" errors="0" timestamp="2017-09-21T01:29:09" hostname="tw-ultra9382" time="0.485">
  <properties/>
  <testcase name="testWithGroovyFindByType" classname="com.apress.isf.spring.test.MyDocumentsBeanDefinitionReaderTest" time="0.433">
    <failure message="org.springframework.beans.factory.BeanCreationException: Error creating bean with name 'engine': Cannot resolve reference to bean 'documentDAO' while setting bean property 'documentDAO'; nested exception is org.springframework.beans.factory.BeanCreationException: Error creating bean with name 'documentDAO': Error setting property values; nested exception is org.springframework.beans.NotWritablePropertyException: Invalid property 'doc1' of bean class [com.apress.isf.spring.data.DocumentRepository]: Bean property 'doc1' is not writable or has an invalid setter method. Does the parameter type of the setter match the return type of the getter?" type="org.springframework.beans.factory.BeanCreationException">org.springframework.beans.factory.BeanCreationException: Error creating bean with name 'engine': Cannot resolve reference to bean 'documentDAO' while setting bean property 'documentDAO'; nested exception is org.springframework.beans.factory.BeanCreationException: Error creating bean with name 'documentDAO': Error setting property values; nested exception is org.springframework.beans.NotWritablePropertyException: Invalid property 'doc1' of bean class [com.apress.isf.spring.data.DocumentRepository]: Bean property 'doc1' is not writable or has an invalid setter method. Does the parameter type of the setter match the return type of the getter?
	at org.springframework.beans.factory.support.BeanDefinitionValueResolver.resolveReference(BeanDefinitionValueResolver.java:336)
	at org.springframework.beans.factory.support.BeanDefinitionValueResolver.resolveValueIfNecessary(BeanDefinitionValueResolver.java:108)
	at org.springframework.beans.factory.support.AbstractAutowireCapableBeanFactory.applyPropertyValues(AbstractAutowireCapableBeanFactory.java:1456)
	at org.springframework.beans.factory.support.AbstractAutowireCapableBeanFactory.populateBean(AbstractAutowireCapableBeanFactory.java:1197)
	at org.springframework.beans.factory.support.AbstractAutowireCapableBeanFactory.doCreateBean(AbstractAutowireCapableBeanFactory.java:537)
	at org.springframework.beans.factory.support.AbstractAutowireCapableBeanFactory.createBean(AbstractAutowireCapableBeanFactory.java:475)
	at org.springframework.beans.factory.support.AbstractBeanFactory$1.getObject(AbstractBeanFactory.java:302)
	at org.springframework.beans.factory.support.DefaultSingletonBeanRegistry.getSingleton(DefaultSingletonBeanRegistry.java:228)
	at org.springframework.beans.factory.support.AbstractBeanFactory.doGetBean(AbstractBeanFactory.java:298)
	at org.springframework.beans.factory.support.AbstractBeanFactory.getBean(AbstractBeanFactory.java:193)
	at org.springframework.beans.factory.support.DefaultListableBeanFactory.preInstantiateSingletons(DefaultListableBeanFactory.java:703)
	at org.springframework.context.support.AbstractApplicationContext.finishBeanFactoryInitialization(AbstractApplicationContext.java:760)
	at org.springframework.context.support.AbstractApplicationContext.refresh(AbstractApplicationContext.java:482)
	at org.springframework.context.support.GenericGroovyApplicationContext.&lt;init&gt;(GenericGroovyApplicationContext.java:145)
	at com.apress.isf.spring.test.MyDocumentsBeanDefinitionReaderTest.setup(MyDocumentsBeanDefinitionReaderTest.java:24)
	at sun.reflect.NativeMethodAccessorImpl.invoke0(Native Method)
	at sun.reflect.NativeMethodAccessorImpl.invoke(NativeMethodAccessorImpl.java:62)
	at sun.reflect.DelegatingMethodAccessorImpl.invoke(DelegatingMethodAccessorImpl.java:43)
	at java.lang.reflect.Method.invoke(Method.java:498)
	at org.junit.runners.model.FrameworkMethod$1.runReflectiveCall(FrameworkMethod.java:47)
	at org.junit.internal.runners.model.ReflectiveCallable.run(ReflectiveCallable.java:12)
	at org.junit.runners.model.FrameworkMethod.invokeExplosively(FrameworkMethod.java:44)
	at org.junit.internal.runners.statements.RunBefores.evaluate(RunBefores.java:24)
	at org.junit.runners.ParentRunner.runLeaf(ParentRunner.java:271)
	at org.junit.runners.BlockJUnit4ClassRunner.runChild(BlockJUnit4ClassRunner.java:70)
	at org.junit.runners.BlockJUnit4ClassRunner.runChild(BlockJUnit4ClassRunner.java:50)
	at org.junit.runners.ParentRunner$3.run(ParentRunner.java:238)
	at org.junit.runners.ParentRunner$1.schedule(ParentRunner.java:63)
	at org.junit.runners.ParentRunner.runChildren(ParentRunner.java:236)
	at org.junit.runners.ParentRunner.access$000(ParentRunner.java:53)
	at org.junit.runners.ParentRunner$2.evaluate(ParentRunner.java:229)
	at org.junit.runners.ParentRunner.run(ParentRunner.java:309)
	at org.gradle.api.internal.tasks.testing.junit.JUnitTestClassExecuter.runTestClass(JUnitTestClassExecuter.java:114)
	at org.gradle.api.internal.tasks.testing.junit.JUnitTestClassExecuter.execute(JUnitTestClassExecuter.java:57)
	at org.gradle.api.internal.tasks.testing.junit.JUnitTestClassProcessor.processTestClass(JUnitTestClassProcessor.java:66)
	at org.gradle.api.internal.tasks.testing.SuiteTestClassProcessor.processTestClass(SuiteTestClassProcessor.java:51)
	at sun.reflect.NativeMethodAccessorImpl.invoke0(Native Method)
	at sun.reflect.NativeMethodAccessorImpl.invoke(NativeMethodAccessorImpl.java:62)
	at sun.reflect.DelegatingMethodAccessorImpl.invoke(DelegatingMethodAccessorImpl.java:43)
	at java.lang.reflect.Method.invoke(Method.java:498)
	at org.gradle.internal.dispatch.ReflectionDispatch.dispatch(ReflectionDispatch.java:35)
	at org.gradle.internal.dispatch.ReflectionDispatch.dispatch(ReflectionDispatch.java:24)
	at org.gradle.internal.dispatch.ContextClassLoaderDispatch.dispatch(ContextClassLoaderDispatch.java:32)
	at org.gradle.internal.dispatch.ProxyDispatchAdapter$DispatchingInvocationHandler.invoke(ProxyDispatchAdapter.java:93)
	at com.sun.proxy.$Proxy1.processTestClass(Unknown Source)
	at org.gradle.api.internal.tasks.testing.worker.TestWorker.processTestClass(TestWorker.java:109)
	at sun.reflect.NativeMethodAccessorImpl.invoke0(Native Method)
	at sun.reflect.NativeMethodAccessorImpl.invoke(NativeMethodAccessorImpl.java:62)
	at sun.reflect.DelegatingMethodAccessorImpl.invoke(DelegatingMethodAccessorImpl.java:43)
	at java.lang.reflect.Method.invoke(Method.java:498)
	at org.gradle.internal.dispatch.ReflectionDispatch.dispatch(ReflectionDispatch.java:35)
	at org.gradle.internal.dispatch.ReflectionDispatch.dispatch(ReflectionDispatch.java:24)
	at org.gradle.internal.remote.internal.hub.MessageHubBackedObjectConnection$DispatchWrapper.dispatch(MessageHubBackedObjectConnection.java:146)
	at org.gradle.internal.remote.internal.hub.MessageHubBackedObjectConnection$DispatchWrapper.dispatch(MessageHubBackedObjectConnection.java:128)
	at org.gradle.internal.remote.internal.hub.MessageHub$Handler.run(MessageHub.java:404)
	at org.gradle.internal.concurrent.ExecutorPolicy$CatchAndRecordFailures.onExecute(ExecutorPolicy.java:63)
	at org.gradle.internal.concurrent.ManagedExecutorImpl$1.run(ManagedExecutorImpl.java:46)
	at java.util.concurrent.ThreadPoolExecutor.runWorker(ThreadPoolExecutor.java:1149)
	at java.util.concurrent.ThreadPoolExecutor$Worker.run(ThreadPoolExecutor.java:624)
	at org.gradle.internal.concurrent.ThreadFactoryImpl$ManagedThreadRunnable.run(ThreadFactoryImpl.java:55)
	at java.lang.Thread.run(Thread.java:748)
Caused by: org.springframework.beans.factory.BeanCreationException: Error creating bean with name 'documentDAO': Error setting property values; nested exception is org.springframework.beans.NotWritablePropertyException: Invalid property 'doc1' of bean class [com.apress.isf.spring.data.DocumentRepository]: Bean property 'doc1' is not writable or has an invalid setter method. Does the parameter type of the setter match the return type of the getter?
	at org.springframework.beans.factory.support.AbstractAutowireCapableBeanFactory.applyPropertyValues(AbstractAutowireCapableBeanFactory.java:1493)
	at org.springframework.beans.factory.support.AbstractAutowireCapableBeanFactory.populateBean(AbstractAutowireCapableBeanFactory.java:1197)
	at org.springframework.beans.factory.support.AbstractAutowireCapableBeanFactory.doCreateBean(AbstractAutowireCapableBeanFactory.java:537)
	at org.springframework.beans.factory.support.AbstractAutowireCapableBeanFactory.createBean(AbstractAutowireCapableBeanFactory.java:475)
	at org.springframework.beans.factory.support.AbstractBeanFactory$1.getObject(AbstractBeanFactory.java:302)
	at org.springframework.beans.factory.support.DefaultSingletonBeanRegistry.getSingleton(DefaultSingletonBeanRegistry.java:228)
	at org.springframework.beans.factory.support.AbstractBeanFactory.doGetBean(AbstractBeanFactory.java:298)
	at org.springframework.beans.factory.support.AbstractBeanFactory.getBean(AbstractBeanFactory.java:193)
	at org.springframework.beans.factory.support.BeanDefinitionValueResolver.resolveReference(BeanDefinitionValueResolver.java:328)
	... 60 more
Caused by: org.springframework.beans.NotWritablePropertyException: Invalid property 'doc1' of bean class [com.apress.isf.spring.data.DocumentRepository]: Bean property 'doc1' is not writable or has an invalid setter method. Does the parameter type of the setter match the return type of the getter?
	at org.springframework.beans.BeanWrapperImpl.setPropertyValue(BeanWrapperImpl.java:1064)
	at org.springframework.beans.BeanWrapperImpl.setPropertyValue(BeanWrapperImpl.java:922)
	at org.springframework.beans.AbstractPropertyAccessor.setPropertyValues(AbstractPropertyAccessor.java:82)
	at org.springframework.beans.AbstractPropertyAccessor.setPropertyValues(AbstractPropertyAccessor.java:62)
	at org.springframework.beans.factory.support.AbstractAutowireCapableBeanFactory.applyPropertyValues(AbstractAutowireCapableBeanFactory.java:1489)
	... 68 more
</failure>
  </testcase>
  <testcase name="testWithGroovyListAll" classname="com.apress.isf.spring.test.MyDocumentsBeanDefinitionReaderTest" time="0.052">
    <failure message="org.springframework.beans.factory.BeanCreationException: Error creating bean with name 'engine': Cannot resolve reference to bean 'documentDAO' while setting bean property 'documentDAO'; nested exception is org.springframework.beans.factory.BeanCreationException: Error creating bean with name 'documentDAO': Error setting property values; nested exception is org.springframework.beans.NotWritablePropertyException: Invalid property 'doc1' of bean class [com.apress.isf.spring.data.DocumentRepository]: Bean property 'doc1' is not writable or has an invalid setter method. Does the parameter type of the setter match the return type of the getter?" type="org.springframework.beans.factory.BeanCreationException">org.springframework.beans.factory.BeanCreationException: Error creating bean with name 'engine': Cannot resolve reference to bean 'documentDAO' while setting bean property 'documentDAO'; nested exception is org.springframework.beans.factory.BeanCreationException: Error creating bean with name 'documentDAO': Error setting property values; nested exception is org.springframework.beans.NotWritablePropertyException: Invalid property 'doc1' of bean class [com.apress.isf.spring.data.DocumentRepository]: Bean property 'doc1' is not writable or has an invalid setter method. Does the parameter type of the setter match the return type of the getter?
	at org.springframework.beans.factory.support.BeanDefinitionValueResolver.resolveReference(BeanDefinitionValueResolver.java:336)
	at org.springframework.beans.factory.support.BeanDefinitionValueResolver.resolveValueIfNecessary(BeanDefinitionValueResolver.java:108)
	at org.springframework.beans.factory.support.AbstractAutowireCapableBeanFactory.applyPropertyValues(AbstractAutowireCapableBeanFactory.java:1456)
	at org.springframework.beans.factory.support.AbstractAutowireCapableBeanFactory.populateBean(AbstractAutowireCapableBeanFactory.java:1197)
	at org.springframework.beans.factory.support.AbstractAutowireCapableBeanFactory.doCreateBean(AbstractAutowireCapableBeanFactory.java:537)
	at org.springframework.beans.factory.support.AbstractAutowireCapableBeanFactory.createBean(AbstractAutowireCapableBeanFactory.java:475)
	at org.springframework.beans.factory.support.AbstractBeanFactory$1.getObject(AbstractBeanFactory.java:302)
	at org.springframework.beans.factory.support.DefaultSingletonBeanRegistry.getSingleton(DefaultSingletonBeanRegistry.java:228)
	at org.springframework.beans.factory.support.AbstractBeanFactory.doGetBean(AbstractBeanFactory.java:298)
	at org.springframework.beans.factory.support.AbstractBeanFactory.getBean(AbstractBeanFactory.java:193)
	at org.springframework.beans.factory.support.DefaultListableBeanFactory.preInstantiateSingletons(DefaultListableBeanFactory.java:703)
	at org.springframework.context.support.AbstractApplicationContext.finishBeanFactoryInitialization(AbstractApplicationContext.java:760)
	at org.springframework.context.support.AbstractApplicationContext.refresh(AbstractApplicationContext.java:482)
	at org.springframework.context.support.GenericGroovyApplicationContext.&lt;init&gt;(GenericGroovyApplicationContext.java:145)
	at com.apress.isf.spring.test.MyDocumentsBeanDefinitionReaderTest.setup(MyDocumentsBeanDefinitionReaderTest.java:24)
	at sun.reflect.NativeMethodAccessorImpl.invoke0(Native Method)
	at sun.reflect.NativeMethodAccessorImpl.invoke(NativeMethodAccessorImpl.java:62)
	at sun.reflect.DelegatingMethodAccessorImpl.invoke(DelegatingMethodAccessorImpl.java:43)
	at java.lang.reflect.Method.invoke(Method.java:498)
	at org.junit.runners.model.FrameworkMethod$1.runReflectiveCall(FrameworkMethod.java:47)
	at org.junit.internal.runners.model.ReflectiveCallable.run(ReflectiveCallable.java:12)
	at org.junit.runners.model.FrameworkMethod.invokeExplosively(FrameworkMethod.java:44)
	at org.junit.internal.runners.statements.RunBefores.evaluate(RunBefores.java:24)
	at org.junit.runners.ParentRunner.runLeaf(ParentRunner.java:271)
	at org.junit.runners.BlockJUnit4ClassRunner.runChild(BlockJUnit4ClassRunner.java:70)
	at org.junit.runners.BlockJUnit4ClassRunner.runChild(BlockJUnit4ClassRunner.java:50)
	at org.junit.runners.ParentRunner$3.run(ParentRunner.java:238)
	at org.junit.runners.ParentRunner$1.schedule(ParentRunner.java:63)
	at org.junit.runners.ParentRunner.runChildren(ParentRunner.java:236)
	at org.junit.runners.ParentRunner.access$000(ParentRunner.java:53)
	at org.junit.runners.ParentRunner$2.evaluate(ParentRunner.java:229)
	at org.junit.runners.ParentRunner.run(ParentRunner.java:309)
	at org.gradle.api.internal.tasks.testing.junit.JUnitTestClassExecuter.runTestClass(JUnitTestClassExecuter.java:114)
	at org.gradle.api.internal.tasks.testing.junit.JUnitTestClassExecuter.execute(JUnitTestClassExecuter.java:57)
	at org.gradle.api.internal.tasks.testing.junit.JUnitTestClassProcessor.processTestClass(JUnitTestClassProcessor.java:66)
	at org.gradle.api.internal.tasks.testing.SuiteTestClassProcessor.processTestClass(SuiteTestClassProcessor.java:51)
	at sun.reflect.NativeMethodAccessorImpl.invoke0(Native Method)
	at sun.reflect.NativeMethodAccessorImpl.invoke(NativeMethodAccessorImpl.java:62)
	at sun.reflect.DelegatingMethodAccessorImpl.invoke(DelegatingMethodAccessorImpl.java:43)
	at java.lang.reflect.Method.invoke(Method.java:498)
	at org.gradle.internal.dispatch.ReflectionDispatch.dispatch(ReflectionDispatch.java:35)
	at org.gradle.internal.dispatch.ReflectionDispatch.dispatch(ReflectionDispatch.java:24)
	at org.gradle.internal.dispatch.ContextClassLoaderDispatch.dispatch(ContextClassLoaderDispatch.java:32)
	at org.gradle.internal.dispatch.ProxyDispatchAdapter$DispatchingInvocationHandler.invoke(ProxyDispatchAdapter.java:93)
	at com.sun.proxy.$Proxy1.processTestClass(Unknown Source)
	at org.gradle.api.internal.tasks.testing.worker.TestWorker.processTestClass(TestWorker.java:109)
	at sun.reflect.NativeMethodAccessorImpl.invoke0(Native Method)
	at sun.reflect.NativeMethodAccessorImpl.invoke(NativeMethodAccessorImpl.java:62)
	at sun.reflect.DelegatingMethodAccessorImpl.invoke(DelegatingMethodAccessorImpl.java:43)
	at java.lang.reflect.Method.invoke(Method.java:498)
	at org.gradle.internal.dispatch.ReflectionDispatch.dispatch(ReflectionDispatch.java:35)
	at org.gradle.internal.dispatch.ReflectionDispatch.dispatch(ReflectionDispatch.java:24)
	at org.gradle.internal.remote.internal.hub.MessageHubBackedObjectConnection$DispatchWrapper.dispatch(MessageHubBackedObjectConnection.java:146)
	at org.gradle.internal.remote.internal.hub.MessageHubBackedObjectConnection$DispatchWrapper.dispatch(MessageHubBackedObjectConnection.java:128)
	at org.gradle.internal.remote.internal.hub.MessageHub$Handler.run(MessageHub.java:404)
	at org.gradle.internal.concurrent.ExecutorPolicy$CatchAndRecordFailures.onExecute(ExecutorPolicy.java:63)
	at org.gradle.internal.concurrent.ManagedExecutorImpl$1.run(ManagedExecutorImpl.java:46)
	at java.util.concurrent.ThreadPoolExecutor.runWorker(ThreadPoolExecutor.java:1149)
	at java.util.concurrent.ThreadPoolExecutor$Worker.run(ThreadPoolExecutor.java:624)
	at org.gradle.internal.concurrent.ThreadFactoryImpl$ManagedThreadRunnable.run(ThreadFactoryImpl.java:55)
	at java.lang.Thread.run(Thread.java:748)
Caused by: org.springframework.beans.factory.BeanCreationException: Error creating bean with name 'documentDAO': Error setting property values; nested exception is org.springframework.beans.NotWritablePropertyException: Invalid property 'doc1' of bean class [com.apress.isf.spring.data.DocumentRepository]: Bean property 'doc1' is not writable or has an invalid setter method. Does the parameter type of the setter match the return type of the getter?
	at org.springframework.beans.factory.support.AbstractAutowireCapableBeanFactory.applyPropertyValues(AbstractAutowireCapableBeanFactory.java:1493)
	at org.springframework.beans.factory.support.AbstractAutowireCapableBeanFactory.populateBean(AbstractAutowireCapableBeanFactory.java:1197)
	at org.springframework.beans.factory.support.AbstractAutowireCapableBeanFactory.doCreateBean(AbstractAutowireCapableBeanFactory.java:537)
	at org.springframework.beans.factory.support.AbstractAutowireCapableBeanFactory.createBean(AbstractAutowireCapableBeanFactory.java:475)
	at org.springframework.beans.factory.support.AbstractBeanFactory$1.getObject(AbstractBeanFactory.java:302)
	at org.springframework.beans.factory.support.DefaultSingletonBeanRegistry.getSingleton(DefaultSingletonBeanRegistry.java:228)
	at org.springframework.beans.factory.support.AbstractBeanFactory.doGetBean(AbstractBeanFactory.java:298)
	at org.springframework.beans.factory.support.AbstractBeanFactory.getBean(AbstractBeanFactory.java:193)
	at org.springframework.beans.factory.support.BeanDefinitionValueResolver.resolveReference(BeanDefinitionValueResolver.java:328)
	... 60 more
Caused by: org.springframework.beans.NotWritablePropertyException: Invalid property 'doc1' of bean class [com.apress.isf.spring.data.DocumentRepository]: Bean property 'doc1' is not writable or has an invalid setter method. Does the parameter type of the setter match the return type of the getter?
	at org.springframework.beans.BeanWrapperImpl.setPropertyValue(BeanWrapperImpl.java:1064)
	at org.springframework.beans.BeanWrapperImpl.setPropertyValue(BeanWrapperImpl.java:922)
	at org.springframework.beans.AbstractPropertyAccessor.setPropertyValues(AbstractPropertyAccessor.java:82)
	at org.springframework.beans.AbstractPropertyAccessor.setPropertyValues(AbstractPropertyAccessor.java:62)
	at org.springframework.beans.factory.support.AbstractAutowireCapableBeanFactory.applyPropertyValues(AbstractAutowireCapableBeanFactory.java:1489)
	... 68 more
</failure>
  </testcase>
  <system-out><![CDATA[10:29:09.286 [Test worker] DEBUG o.s.core.env.StandardEnvironment - Adding [systemProperties] PropertySource with lowest search precedence
10:29:09.286 [Test worker] DEBUG o.s.core.env.StandardEnvironment - Adding [systemEnvironment] PropertySource with lowest search precedence
10:29:09.286 [Test worker] DEBUG o.s.core.env.StandardEnvironment - Initialized StandardEnvironment with PropertySources [systemProperties,systemEnvironment]
10:29:09.699 [Test worker] DEBUG o.s.b.f.g.GroovyBeanDefinitionReader - Loaded 9 bean definitions from location pattern [META-INF/spring/mydocuments.groovy]
10:29:09.699 [Test worker] INFO  o.s.c.s.GenericGroovyApplicationContext - Refreshing org.springframework.context.support.GenericGroovyApplicationContext@5bec193c: startup date [Thu Sep 21 10:29:09 KST 2017]; root of context hierarchy
10:29:09.699 [Test worker] DEBUG o.s.c.s.GenericGroovyApplicationContext - Bean factory for org.springframework.context.support.GenericGroovyApplicationContext@5bec193c: org.springframework.beans.factory.support.DefaultListableBeanFactory@24646bfd: defining beans [engine,documentDAO,doc1,doc2,doc3,doc4,webType,pdfType,noteType]; root of factory hierarchy
10:29:09.700 [Test worker] DEBUG o.s.c.s.GenericGroovyApplicationContext - Unable to locate MessageSource with name 'messageSource': using default [org.springframework.context.support.DelegatingMessageSource@63e872cb]
10:29:09.700 [Test worker] DEBUG o.s.c.s.GenericGroovyApplicationContext - Unable to locate ApplicationEventMulticaster with name 'applicationEventMulticaster': using default [org.springframework.context.event.SimpleApplicationEventMulticaster@58bfba2b]
10:29:09.701 [Test worker] DEBUG o.s.b.f.s.DefaultListableBeanFactory - Pre-instantiating singletons in org.springframework.beans.factory.support.DefaultListableBeanFactory@24646bfd: defining beans [engine,documentDAO,doc1,doc2,doc3,doc4,webType,pdfType,noteType]; root of factory hierarchy
10:29:09.701 [Test worker] DEBUG o.s.b.f.s.DefaultListableBeanFactory - Creating shared instance of singleton bean 'engine'
10:29:09.701 [Test worker] DEBUG o.s.b.f.s.DefaultListableBeanFactory - Creating instance of bean 'engine'
10:29:09.701 [Test worker] DEBUG o.s.b.f.s.DefaultListableBeanFactory - Eagerly caching bean 'engine' to allow for resolving potential circular references
10:29:09.701 [Test worker] DEBUG o.s.b.f.s.DefaultListableBeanFactory - Creating shared instance of singleton bean 'documentDAO'
10:29:09.701 [Test worker] DEBUG o.s.b.f.s.DefaultListableBeanFactory - Creating instance of bean 'documentDAO'
10:29:09.702 [Test worker] DEBUG o.s.b.f.s.DefaultListableBeanFactory - Eagerly caching bean 'documentDAO' to allow for resolving potential circular references
10:29:09.702 [Test worker] DEBUG o.s.b.f.s.DefaultListableBeanFactory - Creating shared instance of singleton bean 'doc1'
10:29:09.702 [Test worker] DEBUG o.s.b.f.s.DefaultListableBeanFactory - Creating instance of bean 'doc1'
10:29:09.702 [Test worker] DEBUG o.s.b.f.s.DefaultListableBeanFactory - Eagerly caching bean 'doc1' to allow for resolving potential circular references
10:29:09.703 [Test worker] DEBUG o.s.b.f.s.DefaultListableBeanFactory - Creating shared instance of singleton bean 'pdfType'
10:29:09.703 [Test worker] DEBUG o.s.b.f.s.DefaultListableBeanFactory - Creating instance of bean 'pdfType'
10:29:09.703 [Test worker] DEBUG o.s.b.f.s.DefaultListableBeanFactory - Eagerly caching bean 'pdfType' to allow for resolving potential circular references
10:29:09.703 [Test worker] DEBUG o.s.b.f.s.DefaultListableBeanFactory - Finished creating instance of bean 'pdfType'
10:29:09.703 [Test worker] DEBUG o.s.b.f.s.DefaultListableBeanFactory - Finished creating instance of bean 'doc1'
10:29:09.705 [Test worker] DEBUG o.s.b.f.s.DefaultListableBeanFactory - Creating shared instance of singleton bean 'doc2'
10:29:09.705 [Test worker] DEBUG o.s.b.f.s.DefaultListableBeanFactory - Creating instance of bean 'doc2'
10:29:09.705 [Test worker] DEBUG o.s.b.f.s.DefaultListableBeanFactory - Eagerly caching bean 'doc2' to allow for resolving potential circular references
10:29:09.705 [Test worker] DEBUG o.s.b.f.s.DefaultListableBeanFactory - Returning cached instance of singleton bean 'pdfType'
10:29:09.705 [Test worker] DEBUG o.s.b.f.s.DefaultListableBeanFactory - Finished creating instance of bean 'doc2'
10:29:09.705 [Test worker] DEBUG o.s.b.f.s.DefaultListableBeanFactory - Creating shared instance of singleton bean 'doc3'
10:29:09.706 [Test worker] DEBUG o.s.b.f.s.DefaultListableBeanFactory - Creating instance of bean 'doc3'
10:29:09.706 [Test worker] DEBUG o.s.b.f.s.DefaultListableBeanFactory - Eagerly caching bean 'doc3' to allow for resolving potential circular references
10:29:09.706 [Test worker] DEBUG o.s.b.f.s.DefaultListableBeanFactory - Creating shared instance of singleton bean 'noteType'
10:29:09.706 [Test worker] DEBUG o.s.b.f.s.DefaultListableBeanFactory - Creating instance of bean 'noteType'
10:29:09.706 [Test worker] DEBUG o.s.b.f.s.DefaultListableBeanFactory - Eagerly caching bean 'noteType' to allow for resolving potential circular references
10:29:09.706 [Test worker] DEBUG o.s.b.f.s.DefaultListableBeanFactory - Finished creating instance of bean 'noteType'
10:29:09.706 [Test worker] DEBUG o.s.b.f.s.DefaultListableBeanFactory - Finished creating instance of bean 'doc3'
10:29:09.706 [Test worker] DEBUG o.s.b.f.s.DefaultListableBeanFactory - Creating shared instance of singleton bean 'doc4'
10:29:09.707 [Test worker] DEBUG o.s.b.f.s.DefaultListableBeanFactory - Creating instance of bean 'doc4'
10:29:09.707 [Test worker] DEBUG o.s.b.f.s.DefaultListableBeanFactory - Eagerly caching bean 'doc4' to allow for resolving potential circular references
10:29:09.707 [Test worker] DEBUG o.s.b.f.s.DefaultListableBeanFactory - Creating shared instance of singleton bean 'webType'
10:29:09.707 [Test worker] DEBUG o.s.b.f.s.DefaultListableBeanFactory - Creating instance of bean 'webType'
10:29:09.707 [Test worker] DEBUG o.s.b.f.s.DefaultListableBeanFactory - Eagerly caching bean 'webType' to allow for resolving potential circular references
10:29:09.707 [Test worker] DEBUG o.s.b.f.s.DefaultListableBeanFactory - Finished creating instance of bean 'webType'
10:29:09.707 [Test worker] DEBUG o.s.b.f.s.DefaultListableBeanFactory - Finished creating instance of bean 'doc4'
10:29:09.708 [Test worker] DEBUG o.s.b.f.s.DefaultListableBeanFactory - Destroying singletons in org.springframework.beans.factory.support.DefaultListableBeanFactory@24646bfd: defining beans [engine,documentDAO,doc1,doc2,doc3,doc4,webType,pdfType,noteType]; root of factory hierarchy
10:29:09.710 [Test worker] DEBUG o.s.core.env.StandardEnvironment - Adding [systemProperties] PropertySource with lowest search precedence
10:29:09.710 [Test worker] DEBUG o.s.core.env.StandardEnvironment - Adding [systemEnvironment] PropertySource with lowest search precedence
10:29:09.710 [Test worker] DEBUG o.s.core.env.StandardEnvironment - Initialized StandardEnvironment with PropertySources [systemProperties,systemEnvironment]
10:29:09.753 [Test worker] DEBUG o.s.b.f.g.GroovyBeanDefinitionReader - Loaded 9 bean definitions from location pattern [META-INF/spring/mydocuments.groovy]
10:29:09.753 [Test worker] INFO  o.s.c.s.GenericGroovyApplicationContext - Refreshing org.springframework.context.support.GenericGroovyApplicationContext@5afa4224: startup date [Thu Sep 21 10:29:09 KST 2017]; root of context hierarchy
10:29:09.754 [Test worker] DEBUG o.s.c.s.GenericGroovyApplicationContext - Bean factory for org.springframework.context.support.GenericGroovyApplicationContext@5afa4224: org.springframework.beans.factory.support.DefaultListableBeanFactory@334005e0: defining beans [engine,documentDAO,doc1,doc2,doc3,doc4,webType,pdfType,noteType]; root of factory hierarchy
10:29:09.755 [Test worker] DEBUG o.s.c.s.GenericGroovyApplicationContext - Unable to locate MessageSource with name 'messageSource': using default [org.springframework.context.support.DelegatingMessageSource@2dda3941]
10:29:09.755 [Test worker] DEBUG o.s.c.s.GenericGroovyApplicationContext - Unable to locate ApplicationEventMulticaster with name 'applicationEventMulticaster': using default [org.springframework.context.event.SimpleApplicationEventMulticaster@51588397]
10:29:09.755 [Test worker] DEBUG o.s.b.f.s.DefaultListableBeanFactory - Pre-instantiating singletons in org.springframework.beans.factory.support.DefaultListableBeanFactory@334005e0: defining beans [engine,documentDAO,doc1,doc2,doc3,doc4,webType,pdfType,noteType]; root of factory hierarchy
10:29:09.755 [Test worker] DEBUG o.s.b.f.s.DefaultListableBeanFactory - Creating shared instance of singleton bean 'engine'
10:29:09.756 [Test worker] DEBUG o.s.b.f.s.DefaultListableBeanFactory - Creating instance of bean 'engine'
10:29:09.756 [Test worker] DEBUG o.s.b.f.s.DefaultListableBeanFactory - Eagerly caching bean 'engine' to allow for resolving potential circular references
10:29:09.756 [Test worker] DEBUG o.s.b.f.s.DefaultListableBeanFactory - Creating shared instance of singleton bean 'documentDAO'
10:29:09.756 [Test worker] DEBUG o.s.b.f.s.DefaultListableBeanFactory - Creating instance of bean 'documentDAO'
10:29:09.756 [Test worker] DEBUG o.s.b.f.s.DefaultListableBeanFactory - Eagerly caching bean 'documentDAO' to allow for resolving potential circular references
10:29:09.756 [Test worker] DEBUG o.s.b.f.s.DefaultListableBeanFactory - Creating shared instance of singleton bean 'doc1'
10:29:09.756 [Test worker] DEBUG o.s.b.f.s.DefaultListableBeanFactory - Creating instance of bean 'doc1'
10:29:09.756 [Test worker] DEBUG o.s.b.f.s.DefaultListableBeanFactory - Eagerly caching bean 'doc1' to allow for resolving potential circular references
10:29:09.756 [Test worker] DEBUG o.s.b.f.s.DefaultListableBeanFactory - Creating shared instance of singleton bean 'pdfType'
10:29:09.757 [Test worker] DEBUG o.s.b.f.s.DefaultListableBeanFactory - Creating instance of bean 'pdfType'
10:29:09.757 [Test worker] DEBUG o.s.b.f.s.DefaultListableBeanFactory - Eagerly caching bean 'pdfType' to allow for resolving potential circular references
10:29:09.757 [Test worker] DEBUG o.s.b.f.s.DefaultListableBeanFactory - Finished creating instance of bean 'pdfType'
10:29:09.757 [Test worker] DEBUG o.s.b.f.s.DefaultListableBeanFactory - Finished creating instance of bean 'doc1'
10:29:09.757 [Test worker] DEBUG o.s.b.f.s.DefaultListableBeanFactory - Creating shared instance of singleton bean 'doc2'
10:29:09.757 [Test worker] DEBUG o.s.b.f.s.DefaultListableBeanFactory - Creating instance of bean 'doc2'
10:29:09.757 [Test worker] DEBUG o.s.b.f.s.DefaultListableBeanFactory - Eagerly caching bean 'doc2' to allow for resolving potential circular references
10:29:09.757 [Test worker] DEBUG o.s.b.f.s.DefaultListableBeanFactory - Returning cached instance of singleton bean 'pdfType'
10:29:09.758 [Test worker] DEBUG o.s.b.f.s.DefaultListableBeanFactory - Finished creating instance of bean 'doc2'
10:29:09.758 [Test worker] DEBUG o.s.b.f.s.DefaultListableBeanFactory - Creating shared instance of singleton bean 'doc3'
10:29:09.758 [Test worker] DEBUG o.s.b.f.s.DefaultListableBeanFactory - Creating instance of bean 'doc3'
10:29:09.758 [Test worker] DEBUG o.s.b.f.s.DefaultListableBeanFactory - Eagerly caching bean 'doc3' to allow for resolving potential circular references
10:29:09.758 [Test worker] DEBUG o.s.b.f.s.DefaultListableBeanFactory - Creating shared instance of singleton bean 'noteType'
10:29:09.758 [Test worker] DEBUG o.s.b.f.s.DefaultListableBeanFactory - Creating instance of bean 'noteType'
10:29:09.758 [Test worker] DEBUG o.s.b.f.s.DefaultListableBeanFactory - Eagerly caching bean 'noteType' to allow for resolving potential circular references
10:29:09.758 [Test worker] DEBUG o.s.b.f.s.DefaultListableBeanFactory - Finished creating instance of bean 'noteType'
10:29:09.758 [Test worker] DEBUG o.s.b.f.s.DefaultListableBeanFactory - Finished creating instance of bean 'doc3'
10:29:09.759 [Test worker] DEBUG o.s.b.f.s.DefaultListableBeanFactory - Creating shared instance of singleton bean 'doc4'
10:29:09.759 [Test worker] DEBUG o.s.b.f.s.DefaultListableBeanFactory - Creating instance of bean 'doc4'
10:29:09.759 [Test worker] DEBUG o.s.b.f.s.DefaultListableBeanFactory - Eagerly caching bean 'doc4' to allow for resolving potential circular references
10:29:09.760 [Test worker] DEBUG o.s.b.f.s.DefaultListableBeanFactory - Creating shared instance of singleton bean 'webType'
10:29:09.760 [Test worker] DEBUG o.s.b.f.s.DefaultListableBeanFactory - Creating instance of bean 'webType'
10:29:09.760 [Test worker] DEBUG o.s.b.f.s.DefaultListableBeanFactory - Eagerly caching bean 'webType' to allow for resolving potential circular references
10:29:09.760 [Test worker] DEBUG o.s.b.f.s.DefaultListableBeanFactory - Finished creating instance of bean 'webType'
10:29:09.760 [Test worker] DEBUG o.s.b.f.s.DefaultListableBeanFactory - Finished creating instance of bean 'doc4'
10:29:09.761 [Test worker] DEBUG o.s.b.f.s.DefaultListableBeanFactory - Destroying singletons in org.springframework.beans.factory.support.DefaultListableBeanFactory@334005e0: defining beans [engine,documentDAO,doc1,doc2,doc3,doc4,webType,pdfType,noteType]; root of factory hierarchy
]]></system-out>
  <system-err><![CDATA[]]></system-err>
</testsuite>
